Unable to init server: Could not connect: Connection refused
Unable to init server: 无法连接：Connection refused

(Server.py:556): Gdk-CRITICAL **: 09:21:11.932: gdk_cursor_new_for_display: assertion 'GDK_IS_DISPLAY (display)' failed

(Server.py:556): Gdk-CRITICAL **: 09:21:11.937: gdk_cursor_new_for_display: assertion 'GDK_IS_DISPLAY (display)' failed
[I 201016 09:21:22 Server:309] 正在尝试连接到服务器...
[I 201016 09:21:23 Server:119] 连接到服务器成功: ws://47.100.88.177:2714
网络连接成功.wav
[I 201016 09:21:23 Detector:63] 正在重置...
[I 201016 09:21:23 Server:183] 收到服务器消息：registerOk
OK
[I 201016 09:21:32 Detector:70] 重置成功！
[I 201016 09:21:33 Server:207] Pinging server...
[I 201016 09:21:33 Server:183] 收到服务器消息：pong
Run time of job "ICommClient.CheckAlive (trigger: interval[0:00:10], next run at: 2020-10-16 09:21:43 CST)" was missed by 0:00:03.524896
OK
[I 201016 09:21:53 Server:207] Pinging server...
[I 201016 09:21:53 Server:183] 收到服务器消息：pong
1 0.16633052970472037 0
2 0.27824288301000216 0
3 0.15573425183879622 -0.003942824072460816
4 0.41467997923824157 -3.0338816862826766e-06
[I 201016 09:21:55 Detector:149] 检测到环境波动...
[I 201016 09:22:03 Server:207] Pinging server...
[I 201016 09:22:03 Server:183] 收到服务器消息：pong
OK
1 0.4795295406018101 -3.185482860202974e-05
2 0.38780437642487975 -0.0010969065657426484
3 0.3267386213549798 -0.0006813254767283249
4 0.4329316043643695 0
[I 201016 09:22:07 Detector:170] 检测结果：nonempty
[I 201016 09:22:13 Server:207] Pinging server...
[I 201016 09:22:13 Server:183] 收到服务器消息：pong
[I 201016 09:22:23 Server:207] Pinging server...
[I 201016 09:22:23 Server:183] 收到服务器消息：pong
OK
1 0.19648794302115605 0
2 0.17594971655709918 -0.03911533556751722
3 0.11941448227685507 -0.03103975489832822
4 0.1485212077908997 -0.0017701126788772145
[I 201016 09:22:28 Detector:170] 检测结果：empty
[I 201016 09:22:33 Server:207] Pinging server...
[I 201016 09:22:33 Server:183] 收到服务器消息：pong
[I 201016 09:22:43 Server:207] Pinging server...
[I 201016 09:22:43 Server:183] 收到服务器消息：pong
OK
1 0.3053993829884182 -0.005535690679730381
2 0.27045437206061423 -0.0005006428215197336
3 0.23794174835636772 0
4 0.2510648959842059 0
[I 201016 09:22:48 Detector:170] 检测结果：empty
[I 201016 09:22:53 Server:207] Pinging server...
[I 201016 09:22:53 Server:183] 收到服务器消息：pong
[I 201016 09:23:03 Server:207] Pinging server...
[I 201016 09:23:03 Server:183] 收到服务器消息：pong
OK
1 0.19791439810423883 -0.002734601676108989
2 0.577602979785595 -0.0006485116752464687
3 0.15282973420758061 -0.00010664532739552883
4 0.33250137270221714 0
[I 201016 09:23:08 Detector:149] 检测到环境波动...
[I 201016 09:23:13 Server:207] Pinging server...
[I 201016 09:23:13 Server:183] 收到服务器消息：pong
OK
1 0.18738311611321798 0
2 0.1036237590767558 -0.010887005719508324
3 0.28017543807869616 -0.0008672014148287224
4 0.13110429707015264 -0.00047479566396021046
[I 201016 09:23:20 Detector:170] 检测结果：empty
[I 201016 09:23:23 Server:207] Pinging server...
[I 201016 09:23:23 Server:183] 收到服务器消息：pong
[I 201016 09:23:33 Server:207] Pinging server...
[I 201016 09:23:33 Server:183] 收到服务器消息：pong
OK
1 0.2316460349493681 -0.001663641772047855
2 0.0939655362311948 0
3 0.3289647262452519 -0.002241829270368341
4 0.1039484581459003 0
[I 201016 09:23:40 Detector:170] 检测结果：empty
[I 201016 09:23:43 Server:207] Pinging server...
[I 201016 09:23:43 Server:183] 收到服务器消息：pong
[I 201016 09:23:53 Server:207] Pinging server...
[I 201016 09:23:53 Server:183] 收到服务器消息：pong
OK
1 0.21588417906544305 -0.0012759779899420387
2 0.19498444287217406 -0.008499263410271237
3 0.28637538588694367 -0.01075076932277919
4 0.34193614642183956 -0.0013151891426096732
[I 201016 09:24:01 Detector:170] 检测结果：empty
[I 201016 09:24:03 Server:207] Pinging server...
[I 201016 09:24:03 Server:183] 收到服务器消息：pong
[I 201016 09:24:13 Server:207] Pinging server...
[I 201016 09:24:13 Server:183] 收到服务器消息：pong
OK
1 0.2069299250181557 0
2 0.3088730509151408 0
3 0.42732998449507503 -0.04381915311203111
4 0.28612829948653945 -0.0005615125907139816
[I 201016 09:24:21 Detector:149] 检测到环境波动...
[I 201016 09:24:23 Server:207] Pinging server...
[I 201016 09:24:23 Server:183] 收到服务器消息：pong
OK
1 0.1724028085185013 -0.004248809604666979
2 0.37599778312508764 -0.0009537044842951739
3 0.21497508015068706 -0.0016850590827379988
4 0.305249115929598 -0.0014172147947938726
[I 201016 09:24:33 Detector:170] 检测结果：empty
[I 201016 09:24:33 Server:207] Pinging server...
[I 201016 09:24:33 Server:183] 收到服务器消息：pong
[I 201016 09:24:43 Server:207] Pinging server...
[I 201016 09:24:43 Server:183] 收到服务器消息：pong
OK
1 0.17526683079225258 -0.018133182985431335
2 0.2337043663780083 0
3 0.154430713946105 -0.00011515625272852275
4 0.2920455957993638 -0.002173182711478691
[I 201016 09:24:53 Detector:170] 检测结果：empty
[I 201016 09:24:53 Server:207] Pinging server...
[I 201016 09:24:53 Server:183] 收到服务器消息：pong
[I 201016 09:25:03 Server:207] Pinging server...
[I 201016 09:25:03 Server:183] 收到服务器消息：pong
OK
1 0.15594987079252473 -0.00016407980132658793
[I 201016 09:25:13 Server:207] Pinging server...
2 0.17653823475619226 -0.003635700484335626
[I 201016 09:25:13 Server:183] 收到服务器消息：pong
3 0.24491837857481316 -0.004611928907155804
4 0.11512375347014153 -0.0026979317691252684
[I 201016 09:25:14 Detector:170] 检测结果：empty
[I 201016 09:25:23 Server:207] Pinging server...
[I 201016 09:25:23 Server:183] 收到服务器消息：pong
OK
1 0.10358908941561935 0
[I 201016 09:25:33 Server:207] Pinging server...
[I 201016 09:25:33 Server:183] 收到服务器消息：pong
2 0.365987854617501 -0.0005636647218369347
3 0.4205171085927232 -0.0037562413254905065
4 0.3397275005962998 -0.003925563404154617
[I 201016 09:25:34 Detector:149] 检测到环境波动...
OK
[I 201016 09:25:43 Server:207] Pinging server...
[I 201016 09:25:43 Server:183] 收到服务器消息：pong
1 0.16467805641761613 0
2 0.26989078585790216 -0.007350761057096846
3 0.43763524305395796 -0.005614068758734757
4 0.34483898243843714 0
[I 201016 09:25:46 Detector:170] 检测结果：nonempty
[I 201016 09:25:53 Server:207] Pinging server...
[I 201016 09:25:53 Server:183] 收到服务器消息：pong
OK
[I 201016 09:26:03 Server:207] Pinging server...
[I 201016 09:26:03 Server:183] 收到服务器消息：pong
1 0.365967913567711 -0.013032225717509598
2 0.12001669784455944 -5.0042481637722163e-05
3 0.6089089289096208 -0.04088023580094432
4 0.5006191184556225 -0.0003232661867853209
[I 201016 09:26:09 Detector:149] 检测到环境波动...
[I 201016 09:26:13 Server:207] Pinging server...
[I 201016 09:26:13 Server:183] 收到服务器消息：pong
OK
1 0.44353694163063817 -0.00014440541901503844
2 0.3895815763099152 0
3 0.43701821342900254 -0.0005711074392223729
4 0.3310339767918433 -0.0006697618534884141
[I 201016 09:26:21 Detector:170] 检测结果：nonempty
[I 201016 09:26:23 Server:207] Pinging server...
[I 201016 09:26:23 Server:183] 收到服务器消息：pong
请注意，消防通道禁止阻塞，请立即移除障碍物.wav
[I 201016 09:26:33 Server:207] Pinging server...
[I 201016 09:26:33 Server:266] 存在障碍物已上报！
[D 201016 09:26:34 Server:289] Connection is already closed.
[I 201016 09:26:34 Server:150] 与服务器连接断开(disconnected)，10秒后重试
网络连接失败，正在重新连接.wav
[W 201016 09:26:38 Server:214] Ping server timeout (1/3)
OK
1 0.3347948913473436 0
2 0.4311976548767891 -0.0069546658073256894
3 0.4487141491478815 0
4 0.3954303419094946 -0.0005474879344159251
[I 201016 09:26:44 Detector:149] 检测到环境波动...
[I 201016 09:26:44 Server:309] 正在尝试连接到服务器...
[I 201016 09:26:44 Server:119] 连接到服务器成功: ws://47.100.88.177:2714
网络连接成功.wav
[I 201016 09:26:44 Server:183] 收到服务器消息：registerOk
prompt 网络连接成功.wav
OK
[I 201016 09:26:54 Server:207] Pinging server...
[I 201016 09:26:54 Server:183] 收到服务器消息：pong
1 0.25889900764845103 0
2 0.33671992154261626 -0.024927223978553393
3 0.23903440667777145 -0.004526559433107579
4 0.3398299042493681 -0.00014395579465195242
[I 201016 09:26:56 Detector:170] 检测结果：empty
[I 201016 09:27:04 Server:207] Pinging server...
[I 201016 09:27:04 Server:183] 收到服务器消息：pong
障碍物已移除，谢谢配合.wav
[I 201016 09:27:06 Server:253] 障碍物移除已上报！
[I 201016 09:27:06 Server:183] 收到服务器消息：Ok
OK
[I 201016 09:27:14 Server:207] Pinging server...
[I 201016 09:27:14 Server:183] 收到服务器消息：pong
1 0.14634837796464048 -0.0017609988135629318
2 0.4434107606494288 -0.00018622001597562302
3 0.1837385129329835 -0.002921772107028865
4 0.13171078603281622 -1.878958302296258e-05
[I 201016 09:27:17 Detector:149] 检测到环境波动...
[I 201016 09:27:24 Server:207] Pinging server...
[I 201016 09:27:24 Server:183] 收到服务器消息：pong
OK
1 0.08465172597351578 -0.004515405599300175
2 0.13125861627640753 -0.010003097253610283
3 0.11134676129825276 -0.001500222659506117
4 0.18477379538852662 0
[I 201016 09:27:29 Detector:170] 检测结果：empty
[I 201016 09:27:34 Server:207] Pinging server...
[I 201016 09:27:34 Server:183] 收到服务器消息：pong
[I 201016 09:27:44 Server:207] Pinging server...
[I 201016 09:27:44 Server:183] 收到服务器消息：pong
OK
1 0.10762088176553719 -0.00010075770567257335
2 0.15669832455368923 -0.023643091532085218
3 0.23278904211823012 -0.03221097326714581
4 0.3402755307831041 -0.0006383947628979602
[I 201016 09:27:50 Detector:170] 检测结果：empty
[I 201016 09:27:54 Server:207] Pinging server...
[I 201016 09:27:54 Server:183] 收到服务器消息：pong
[I 201016 09:28:04 Server:207] Pinging server...
[I 201016 09:28:04 Server:183] 收到服务器消息：pong
OK
1 0.11753714339884638 -0.0044415827250411785
2 0.21419785972172883 0
3 0.10788111195725911 -0.0007671724014955914
4 0.2612956036667148 -0.001867887512176464
[I 201016 09:28:10 Detector:170] 检测结果：empty
[I 201016 09:28:14 Server:207] Pinging server...
[I 201016 09:28:14 Server:183] 收到服务器消息：pong
[I 201016 09:28:24 Server:207] Pinging server...
[I 201016 09:28:24 Server:183] 收到服务器消息：pong
OK
1 0.19345232934262754 -0.00652622226444268
2 0.1407207634220658 0
3 0.17141091569944214 -0.0021241246852336587
4 0.10264672653984387 0
[I 201016 09:28:30 Detector:170] 检测结果：empty
[I 201016 09:28:34 Server:207] Pinging server...
[I 201016 09:28:34 Server:183] 收到服务器消息：pong
[I 201016 09:28:44 Server:207] Pinging server...
[I 201016 09:28:44 Server:183] 收到服务器消息：pong
OK
1 0.13471771809778824 -0.006408521377165154
2 0.24343294986277772 -0.0036738868657823164
3 0.20462392546430663 0
4 0.19724800844699902 -0.00015666408508517522
[I 201016 09:28:51 Detector:170] 检测结果：empty
[I 201016 09:28:54 Server:207] Pinging server...
[I 201016 09:28:54 Server:183] 收到服务器消息：pong
[I 201016 09:29:04 Server:207] Pinging server...
[I 201016 09:29:04 Server:183] 收到服务器消息：pong
OK
1 0.5439455332175986 -0.0023927304914906564
2 0.1073438926394386 -0.011221329185400027
3 0.47450606749214824 0
4 0.22777791275623224 -0.004988177795957413
[I 201016 09:29:11 Detector:149] 检测到环境波动...
[I 201016 09:29:14 Server:207] Pinging server...
[I 201016 09:29:14 Server:183] 收到服务器消息：pong
